<?xml version="1.0" encoding="UTF-8"?>
<testsuite name="br.edu.unifalmg.repository.FileChoreRepositoryTest" tests="5" skipped="0" failures="0" errors="0" timestamp="2023-10-31T20:09:54" hostname="suporte-OptiPlex-3050" time="1.286">
  <properties/>
  <testcase name="#load &gt; When the file is found &gt; When the content is empty &gt; Return empty lsit" classname="br.edu.unifalmg.repository.FileChoreRepositoryTest" time="1.156"/>
  <testcase name="#load &gt; OK" classname="br.edu.unifalmg.repository.FileChoreRepositoryTest" time="0.012"/>
  <testcase name="#load &gt; When the file is not found (or path is invalid) &gt; Return an empty list" classname="br.edu.unifalmg.repository.FileChoreRepositoryTest" time="0.006"/>
  <testcase name="#save &gt; abrir arquivo com lista e adicionar algo na lista e salvar no arquivo" classname="br.edu.unifalmg.repository.FileChoreRepositoryTest" time="0.088"/>
  <testcase name="#save &gt; abrir arquivo com lista vazia e adicionar algo na lista e salvar no arquivo" classname="br.edu.unifalmg.repository.FileChoreRepositoryTest" time="0.014"/>
  <system-out><![CDATA[Unable to convert the content of the file into Chores!
]]></system-out>
  <system-err><![CDATA[]]></system-err>
</testsuite>
