<?xml version="1.0" encoding="UTF-8"?>
<testsuite name="br.edu.unifalmg.service.ChoreServiceTest" tests="5" skipped="0" failures="0" errors="0" timestamp="2023-09-26T19:13:54" hostname="suporte-OptiPlex-3050" time="0.033">
  <properties/>
  <testcase name="addSingleChore()" classname="br.edu.unifalmg.service.ChoreServiceTest" time="0.017"/>
  <testcase name="#addChore &gt; When adding a chore &gt; When the chore already exists &gt; Throw an exception" classname="br.edu.unifalmg.service.ChoreServiceTest" time="0.003"/>
  <testcase name="addMultipleChore()" classname="br.edu.unifalmg.service.ChoreServiceTest" time="0.002"/>
  <testcase name="#addChore &gt; When the deadline is invalid &gt; Throw an exception" classname="br.edu.unifalmg.service.ChoreServiceTest" time="0.003"/>
  <testcase name="addChoreWhenTheDescriptionIsInvalidThrowAnException()" classname="br.edu.unifalmg.service.ChoreServiceTest" time="0.003"/>
  <system-out><![CDATA[]]></system-out>
  <system-err><![CDATA[]]></system-err>
</testsuite>
